0 info it worked if it ends with ok
1 verbose cli [ 'C:\\Program Files\\nodejs\\node.exe',
1 verbose cli   'C:\\Users\\kbutler\\AppData\\Roaming\\npm\\node_modules\\npm\\bin\\npm-cli.js',
1 verbose cli   'run',
1 verbose cli   'dist-mwl' ]
2 info using npm@3.10.7
3 info using node@v4.5.0
4 verbose run-script [ 'predist-mwl', 'dist-mwl', 'postdist-mwl' ]
5 info lifecycle regressiontestmatrixgenerator@0.0.0~predist-mwl: regressiontestmatrixgenerator@0.0.0
6 silly lifecycle regressiontestmatrixgenerator@0.0.0~predist-mwl: no script for predist-mwl, continuing
7 info lifecycle regressiontestmatrixgenerator@0.0.0~dist-mwl: regressiontestmatrixgenerator@0.0.0
8 verbose lifecycle regressiontestmatrixgenerator@0.0.0~dist-mwl: unsafe-perm in lifecycle true
9 verbose lifecycle regressiontestmatrixgenerator@0.0.0~dist-mwl: PATH: C:\Users\kbutler\AppData\Roaming\npm\node_modules\npm\bin\node-gyp-bin;C:\development\RegressionMatrix\RegressionMatrix\RegressionMatrix\node_modules\.bin;C:\ProgramData\Oracle\Java\javapath;C:\Program Files\Common Files\Microsoft Shared\Microsoft Online Services;C:\Program Files (x86)\Common Files\Microsoft Shared\Microsoft Online Services;C:\Windows\system32;C:\Windows;C:\Windows\System32\Wbem;C:\Windows\System32\WindowsPowerShell\v1.0\;C:\Program Files (x86)\Symantec\VIP Access Client\;C:\Windows\system32\config\systemprofile\.dnx\bin;C:\Program Files\Microsoft DNX\Dnvm\;C:\Program Files\Microsoft SQL Server\130\Tools\Binn\;C:\Program Files\Microsoft SQL Server\Client SDK\ODBC\110\Tools\Binn\;C:\Python27;C:\Program Files (x86)\Microsoft SQL Server\120\Tools\Binn\ManagementStudio\;C:\Program Files (x86)\Microsoft SQL Server\120\Tools\Binn\;C:\Program Files\Microsoft SQL Server\120\Tools\Binn\;C:\Program Files (x86)\Microsoft SQL Server\120\DTS\Binn\;C:\Program Files\Microsoft SQL Server\120\DTS\Binn\;C:\Program Files (x86)\Windows Kits\8.1\Windows Performance Toolkit\;C:\Program Files (x86)\Microsoft SQL Server\Client SDK\ODBC\130\Tools\Binn\;C:\Program Files (x86)\Microsoft SQL Server\130\Tools\Binn\;C:\Program Files (x86)\Microsoft SQL Server\130\DTS\Binn\;C:\Program Files (x86)\Microsoft SQL Server\130\Tools\Binn\ManagementStudio\;C:\Program Files\nodejs\;C:\Program Files\Git\cmd;C:\curl\bin;C:\ProgramData\Oracle\Java\javapath;C:\Program Files\Common Files\Microsoft Shared\Microsoft Online Services;C:\Program Files (x86)\Common Files\Microsoft Shared\Microsoft Online Services;C:\Windows\system32;C:\Windows;C:\Windows\System32\Wbem;C:\Windows\System32\WindowsPowerShell\v1.0\;C:\Program Files (x86)\Symantec\VIP Access Client\;C:\Users\kbutler\.dnx\bin;C:\Program Files\Microsoft DNX\Dnvm\;C:\Program Files\Microsoft SQL Server\130\Tools\Binn\;C:\Program Files\Microsoft SQL Server\Client SDK\ODBC\110\Tools\Binn\;C:\Python27;C:\Program Files (x86)\Microsoft SQL Server\120\Tools\Binn\ManagementStudio\;C:\Program Files (x86)\Microsoft SQL Server\120\Tools\Binn\;C:\Program Files\Microsoft SQL Server\120\Tools\Binn\;C:\Program Files (x86)\Microsoft SQL Server\120\DTS\Binn\;C:\Program Files\Microsoft SQL Server\120\DTS\Binn\;C:\Program Files (x86)\Windows Kits\8.1\Windows Performance Toolkit\;C:\Program Files (x86)\Microsoft SQL Server\Client SDK\ODBC\130\Tools\Binn\;C:\Program Files (x86)\Microsoft SQL Server\130\Tools\Binn\;C:\Program Files (x86)\Microsoft SQL Server\130\DTS\Binn\;C:\Program Files (x86)\Microsoft SQL Server\130\Tools\Binn\ManagementStudio\;C:\Program Files\nodejs\;C:\Program Files\Git\cmd;C:\Program Files (x86)\Microsoft VS Code\bin;C:\Users\kbutler\AppData\Roaming\npm;C:\Python27
10 verbose lifecycle regressiontestmatrixgenerator@0.0.0~dist-mwl: CWD: C:\development\RegressionMatrix\RegressionMatrix\RegressionMatrix
11 silly lifecycle regressiontestmatrixgenerator@0.0.0~dist-mwl: Args: [ '/d /s /c', 'gulp build && build -mwl' ]
12 silly lifecycle regressiontestmatrixgenerator@0.0.0~dist-mwl: Returned: code: 4294967295  signal: null
13 info lifecycle regressiontestmatrixgenerator@0.0.0~dist-mwl: Failed to exec dist-mwl script
14 verbose stack Error: regressiontestmatrixgenerator@0.0.0 dist-mwl: `gulp build && build -mwl`
14 verbose stack Exit status 4294967295
14 verbose stack     at EventEmitter.<anonymous> (C:\Users\kbutler\AppData\Roaming\npm\node_modules\npm\lib\utils\lifecycle.js:255:16)
14 verbose stack     at emitTwo (events.js:87:13)
14 verbose stack     at EventEmitter.emit (events.js:172:7)
14 verbose stack     at ChildProcess.<anonymous> (C:\Users\kbutler\AppData\Roaming\npm\node_modules\npm\lib\utils\spawn.js:40:14)
14 verbose stack     at emitTwo (events.js:87:13)
14 verbose stack     at ChildProcess.emit (events.js:172:7)
14 verbose stack     at maybeClose (internal/child_process.js:829:16)
14 verbose stack     at Process.ChildProcess._handle.onexit (internal/child_process.js:211:5)
15 verbose pkgid regressiontestmatrixgenerator@0.0.0
16 verbose cwd C:\development\RegressionMatrix\RegressionMatrix\RegressionMatrix
17 error Windows_NT 10.0.10586
18 error argv "C:\\Program Files\\nodejs\\node.exe" "C:\\Users\\kbutler\\AppData\\Roaming\\npm\\node_modules\\npm\\bin\\npm-cli.js" "run" "dist-mwl"
19 error node v4.5.0
20 error npm  v3.10.7
21 error code ELIFECYCLE
22 error regressiontestmatrixgenerator@0.0.0 dist-mwl: `gulp build && build -mwl`
22 error Exit status 4294967295
23 error Failed at the regressiontestmatrixgenerator@0.0.0 dist-mwl script 'gulp build && build -mwl'.
23 error Make sure you have the latest version of node.js and npm installed.
23 error If you do, this is most likely a problem with the regressiontestmatrixgenerator package,
23 error not with npm itself.
23 error Tell the author that this fails on your system:
23 error     gulp build && build -mwl
23 error You can get information on how to open an issue for this project with:
23 error     npm bugs regressiontestmatrixgenerator
23 error Or if that isn't available, you can get their info via:
23 error     npm owner ls regressiontestmatrixgenerator
23 error There is likely additional logging output above.
24 verbose exit [ 1, true ]
